valid:
03345678
ijpx
0469giz
0014559
aadffgt
077cfv
0378
fjjjq
4588hnr
0469
hhhknsty
378af
2569
bbdjstu
129eox
126999
abbggrt
2467hhq
023789
chmwz
2889dfls
011235
crrrs
2468kqw
01146777
fghu
0158rxz
2346789
dllnorr
0479fgs
fmnu
2268lwz
23366799
bhhitwy
1367bdkw
223679
hjkm
0034aghv
012567
bbfglrrs
357dm
0112369
acnotz
45cl
1122466
fintx
06fy
01446678
klnty
115tty
23355779
aeginqtx
45ak
04569
bclnqqwz
059hks
01457
cfilqvxx
156dn
1679
hjjlouy
0023aexx
134456
aggtuz
0068guvy
01578
glqssuy
08hv
33335889
qqsuz
78jv
3469
aailmps
389iwy
5677
gghjn
457gi
1188899
lnrruy
1257dnr
0134
ghkr
3557cdru
013489
cgixz
5699ddt
3346
absvy
09jv
12268
addhsz
337f
024hht
1113
cequ
235blz
33667
ghmnqq
07bp
2599
dikmvw
2479cgm
0223599
gkosz
4678apt
1222359
llmnpx
08ft
044788
bcekltvw
16bl
25789
aboppqzz
337bx
01123589
llmqsy
2788kmpt
226669
afnorxyz
448pz
013799
stuz
0128imnx
3789
bdjmpt
19fx
0234
efiimpq
046jo
015577
ktuy
2246elnt
2566
ghjmmoz
039cy
14588
abdiity
589dgx
bnooqzz
347mps
024556
affgqty
0367eoru
457899
ejloosyz
57ht
57888
hhjlouwy
0256mwz
0444899
fffjv
3489jluv
01357788
chlrwz
779ac
013467
nsxz
2234gkmy
37888
aaehqtww
0356hjtw
123678
dhjxzz
0338bdes
2248
deerwz
26qu
0335
ahttxy
36mu
247ghl
00335
bfgku
016hjt
34578
abcfnv
0266cen
23359
ajkoswyy
246fsy
2334
lstz
0045egiq
12279
agppv
1ppx
1389dhox
00556899
agmppx
499gk
01144778
himw
68dh
1578999
oouvxz
5557krsv
1457
jors
88ov
1344577
chjquvxz
46qu
000668
cdemrsv
3389ioot
1357788
ehmmp
15hj
02233
fjkkt
0347bgr
0124445
bnqrssw
4467aix
34458
adfqtvvx
0166fiks
02338899
ijlnootx
4677ansu
35567
bdgjjrrz
1357gmp
144479
bfmp
1444clsy
0345558
bhikuvy
6889jlx
00015689
ghlnuuv
002cq
5888
fnprvwy
014gn
45688
cfikkkty
124cei
015778
bgqrwz
2447gisy
0047
bhmoqss
0268fhlt
33447999
cfhr
139flv
3578
bhkmqrtw
1466ikox
1344478
akmm
048mx
023799
hikox
069am
223355
efhhpz
124mnv
233478
bdfhlsu
1245nwyz
033379
hikknpuw
346bp
2444468
elpq
0129ffhx
003369
huvwyy
1449pqy
2468
0145ghnv
clmoowxy
0199pwz
03578
dffmsvx
66mw
01234
iijlqt
058npz
3568
beiilst
79an
3334778
ijnpqvx
0003ltx
2446678
acgptu
1347ghkp
1137
fjjnovz
1678osx
03688
bbbfmmy
2268aot
12377789
efhpww
0349inno
====================
invalid:
se35
rmkvy
yb408
rejwg
skta1912
a7d2vo
rjqf2915
c1am
svf7241
bmkqzd
lhv9725
ktjv
gh58
qrgmf
rv042
2r8pzw
uzw378
yrh1fg0
mr84
97fk7wq
vcn191
8iqfp3tj
hn30
k5cw
efc472
nzxmz
iey5099
f64b3
op52
ygow8gr
qvo3239
qdixk0h
at33
2u95xkh6
mnl939
nail
tsyz0761
qrpv5a9a
mjap6288
a19lsnz
csb697
9c68
dyqe7601
moyl
qw665
nqno
pp28
np8zevb
cnfs2459
2cwhs036
bg02
z5iysbm
woz173
kqasj
ew129
caykz
ol481
ejiaydio
zh824
imeh658
toze0819
ysg0699
31qxo1l1
rx100
5piyd
gp460
cq4w4pk
pxc633
qha82
tka881
13au7rzt
uwwe3624
6s3y5r
op695
3h7nf
jym741
3r68bdk
va88
0tu7l
vtq1615
rzjjl
bny6434
46j3
he063
galeealv
ox21
xdpwvi
aps226
nw87e
gza610
a6gi
tii616
lw3q
ww128
68ktou
wia8680
5yy98f
yw388
nc32o8
ayu672
m2iq63
euby8162
x1jb
tf99
tgr8i
aaz773
2rdfd40
jvs8920
rejt
glr6248
oo6l
wr410
qc00
epugx
zqgs4949
smfei
rhrm2663
9wm4
nu835
o1btvc
tpa049
ucv091
g8fmx9cc
tkw1469
hl1rpwf
brd074
jcnk7ph
hkt601
x9kjlpj
pkd8881
knk9
nge4032
jniteqgs
pkv473
p46ktk
wzla0079
i3c9r7n
fen6894
7gj3
bci6836
mvzh
mj76
3ek7oarr
mzcn0818
y6grtw3p
loo946
xhp4a
yp57
ryg3dnk7
ktky4928
f9de
vszk1907
r94cu
mvw517
v6yy
tuu595
m0idt2l
beo9166
1k1v6
xdx8595
l59vv62b
jng386
9zif01d
ccm5112
lv7cjv
kekz0942
7hwrzw9r
kgm693
q25a6qo
nga491
4bnf
swm0799
f3fkd
jp49
uz7chq
bn749
lf7mv2e
fgkqruuua
qkh720
ocamx
do00
1snxwb
qd524
otrscz
xw67
bewv
rdu268
qro1fujj
udms5941
kn5g
rrr583
uyeweze
ici7617
l241ju9
lqe001
yl3bit
gff6718
y6269zk